
Showing logs for build [32mcb-kubecd-environment-pr-187-22-n8t9r-1[0m stage [32mfrom-build-pack[0m and container [32mstep-credential-initializer-tnw2f[0m
{"level":"warn","ts":1585155479.4329948,"logger":"fallback-logger","caller":"logging/config.go:69","msg":"Fetch GitHub commit ID from kodata failed: \"ref: refs/heads/0.8.0-**-support-backwards-incompats\" is not a valid GitHub commit ID"}
{"level":"info","ts":1585155479.4340754,"logger":"fallback-logger","caller":"creds-init/main.go:40","msg":"Credentials initialized."}

Showing logs for build [32mcb-kubecd-environment-pr-187-22-n8t9r-1[0m stage [32mfrom-build-pack[0m and container [32mstep-working-dir-initializer-96f2d[0m
{"level":"warn","ts":1585155480.2086623,"logger":"fallback-logger","caller":"logging/config.go:69","msg":"Fetch GitHub commit ID from kodata failed: open /var/run/ko/HEAD: no such file or directory"}
{"level":"info","ts":1585155480.210264,"logger":"fallback-logger","caller":"bash/main.go:64","msg":"Successfully executed command \"sh -c mkdir -p /workspace/source\"; output "}

Showing logs for build [32mcb-kubecd-environment-pr-187-22-n8t9r-1[0m stage [32mfrom-build-pack[0m and container [32mstep-place-tools[0m

Showing logs for build [32mcb-kubecd-environment-pr-187-22-n8t9r-1[0m stage [32mfrom-build-pack[0m and container [32mstep-git-source-cb-kubecd-environment-pr-187-22-n8t9r-hk4cr[0m
{"level":"warn","ts":1585155485.4494116,"logger":"fallback-logger","caller":"logging/config.go:69","msg":"Fetch GitHub commit ID from kodata failed: \"ref: refs/heads/0.8.0-**-support-backwards-incompats\" is not a valid GitHub commit ID"}
{"level":"info","ts":1585155486.5098119,"logger":"fallback-logger","caller":"git/git.go:103","msg":"Successfully cloned https://github.com/cb-kubecd/environment-pr-187-223-boot-gke-staging.git @ master in path /workspace/source"}

Showing logs for build [32mcb-kubecd-environment-pr-187-22-n8t9r-1[0m stage [32mfrom-build-pack[0m and container [32mstep-git-merge[0m
Using SHAs from PULL_REFS=master:60b80c7d95c9f50701dd893a402ba29e48cbcfcf,2:9c9bec90311da010e35d5f92f21e481eb1f1f767
DEBUG: LC_ALL=C JX_LOG_LEVEL=error git fetch origin --unshallow 9c9bec90311da010e35d5f92f21e481eb1f1f767: 60b80c7d95c9f50701dd893a402ba29e48cbcfcf:
DEBUG: ran git fetch --unshallow origin 9c9bec90311da010e35d5f92f21e481eb1f1f767: 60b80c7d95c9f50701dd893a402ba29e48cbcfcf: in 
DEBUG: LC_ALL=C JX_LOG_LEVEL=error git branch
DEBUG: LC_ALL=C JX_LOG_LEVEL=error git checkout master
DEBUG: ran git checkout master in 
DEBUG: LC_ALL=C JX_LOG_LEVEL=error git reset --hard 60b80c7d95c9f50701dd893a402ba29e48cbcfcf
DEBUG: ran git reset --hard 60b80c7d95c9f50701dd893a402ba29e48cbcfcf in 
DEBUG: LC_ALL=C JX_LOG_LEVEL=error git clean -fd .
DEBUG: ran clean --force -d . in 
DEBUG: LC_ALL=C JX_LOG_LEVEL=error git merge 9c9bec90311da010e35d5f92f21e481eb1f1f767
DEBUG: ran git merge 9c9bec90311da010e35d5f92f21e481eb1f1f767 in 
DEBUG: LC_ALL=C JX_LOG_LEVEL=error git log --format=%H%x1f%an%x1f%ae%x1f%cn%x1f%ce%x1f%s%n%b%x1e 60b80c7d95c9f50701dd893a402ba29e48cbcfcf..HEAD
Merged SHA 9c9bec90311da010e35d5f92f21e481eb1f1f767 with commit message 'chore: Promote bdd-gh-1585155176 to version 0.0.1' into base branch master

Showing logs for build [32mcb-kubecd-environment-pr-187-22-n8t9r-1[0m stage [32mfrom-build-pack[0m and container [32mstep-build-helm-build[0m
WARNING: No $CHART_REPOSITORY defined so using the default value of: http://jenkins-x-chartmuseum:8080
Adding missing Helm repo: storage.googleapis.com https://storage.googleapis.com/chartmuseum.jenkins-x.io
WARNING: No secrets found on "helm/repos" due: reading the secret "helm/repos" from vault: no secret "helm/repos" not found in vault
Read credentials for https://storage.googleapis.com/chartmuseum.jenkins-x.io from vault helm/repos
Successfully added Helm repository storage.googleapis.com.
Adding missing Helm repo: jenkins-x-chartmuseum http://jenkins-x-chartmuseum:8080
WARNING: No secrets found on "helm/repos" due: reading the secret "helm/repos" from vault: no secret "helm/repos" not found in vault
Read credentials for http://jenkins-x-chartmuseum:8080 from vault helm/repos
Successfully added Helm repository jenkins-x-chartmuseum.
WARNING: No $CHART_REPOSITORY defined so using the default value of: http://jenkins-x-chartmuseum:8080
Adding missing Helm repo: chartmuseum.jenkins-x.io http://chartmuseum.jenkins-x.io
WARNING: No secrets found on "helm/repos" due: reading the secret "helm/repos" from vault: no secret "helm/repos" not found in vault
Read credentials for http://chartmuseum.jenkins-x.io from vault helm/repos
Successfully added Helm repository chartmuseum.jenkins-x.io.
